<?xml version="1.0" encoding="UTF-8"?>
<!-- Generated by org.testng.reporters.JUnitReportReporter -->
<testsuite hostname="HP" failures="0" tests="1" name="com.shopping.TestCases.LoginPageTest" time="17.957" errors="0" timestamp="2023-03-08T16:57:24 IST" skipped="0">
  <testcase classname="com.shopping.TestCases.LoginPageTest" name="VerifyValidLogin" time="17.957"/>
  <system-out/>
</testsuite> <!-- com.shopping.TestCases.LoginPageTest -->
