<?xml version="1.0" encoding="UTF-8"?>
<!-- Generated by org.testng.reporters.JUnitReportReporter -->
<testsuite hostname="HP" failures="0" tests="2" name="com.shopping.TestCases.HomePageTest" time="33.269" errors="0" timestamp="2023-03-08T16:53:24 IST" skipped="0">
  <testcase classname="com.shopping.TestCases.HomePageTest" name="VerifyTitle" time="18.695"/>
  <system-out/>
  <testcase classname="com.shopping.TestCases.HomePageTest" name="VerifyHomePageLanding" time="14.574"/>
  <system-out/>
</testsuite> <!-- com.shopping.TestCases.HomePageTest -->
